<?xml version='1.0' encoding='UTF-8'?>
<testsuite hostname="IGNOT" name="MarkupTest" tests="8" errors="0" failures="0" skipped="0" time="0.024" timestamp="2021-04-20T21:37:23">
                     <properties>
[...]
</properties>
                     <testcase classname="MarkupTest" name="example test" time="0.021">
                                                 
                                               </testcase><testcase classname="MarkupTest" name="test depth 1" time="0.0">
                                                 
                                               </testcase><testcase classname="MarkupTest" name="test depth 2" time="0.001">
                                                 
                                               </testcase><testcase classname="MarkupTest" name="test depth 3" time="0.0">
                                                 
                                               </testcase><testcase classname="MarkupTest" name="test depth 4" time="0.001">
                                                 
                                               </testcase><testcase classname="MarkupTest" name="test depth 5" time="0.0">
                                                 
                                               </testcase><testcase classname="MarkupTest" name="test depth 6" time="0.0">
                                                 
                                               </testcase><testcase classname="MarkupTest" name="test depth 7" time="0.001">
                                                 
                                               </testcase>
                     <system-out><![CDATA[]]></system-out>
                     <system-err><![CDATA[]]></system-err>
                   </testsuite>